  Mini_Games.cpp
C:\Users\양주성\Desktop\코딩\C++\Mini Games\Mini Games\Dino_main.h(79,46): warning C4244: '인수': 'T'에서 'float'(으)로 변환하면서 데이터가 손실될 수 있습니다.
C:\Users\양주성\Desktop\코딩\C++\Mini Games\Mini Games\Dino_main.h(79,46): warning C4244:         with
C:\Users\양주성\Desktop\코딩\C++\Mini Games\Mini Games\Dino_main.h(79,46): warning C4244:         [
C:\Users\양주성\Desktop\코딩\C++\Mini Games\Mini Games\Dino_main.h(79,46): warning C4244:             T=unsigned int
C:\Users\양주성\Desktop\코딩\C++\Mini Games\Mini Games\Dino_main.h(79,46): warning C4244:         ]
  (소스 파일 'Mini_Games.cpp'을(를) 컴파일하는 중)
  
C:\Users\양주성\Desktop\코딩\C++\Mini Games\Mini Games\Dino_main.h(104,110): warning C4244: '인수': 'int'에서 'T'(으)로 변환하면서 데이터가 손실될 수 있습니다.
C:\Users\양주성\Desktop\코딩\C++\Mini Games\Mini Games\Dino_main.h(104,110): warning C4244:         with
C:\Users\양주성\Desktop\코딩\C++\Mini Games\Mini Games\Dino_main.h(104,110): warning C4244:         [
C:\Users\양주성\Desktop\코딩\C++\Mini Games\Mini Games\Dino_main.h(104,110): warning C4244:             T=float
C:\Users\양주성\Desktop\코딩\C++\Mini Games\Mini Games\Dino_main.h(104,110): warning C4244:         ]
  (소스 파일 'Mini_Games.cpp'을(를) 컴파일하는 중)
  
C:\Users\양주성\Desktop\코딩\C++\Mini Games\Mini Games\Dino_main.h(104,89): warning C4244: '인수': 'int'에서 'T'(으)로 변환하면서 데이터가 손실될 수 있습니다.
C:\Users\양주성\Desktop\코딩\C++\Mini Games\Mini Games\Dino_main.h(104,89): warning C4244:         with
C:\Users\양주성\Desktop\코딩\C++\Mini Games\Mini Games\Dino_main.h(104,89): warning C4244:         [
C:\Users\양주성\Desktop\코딩\C++\Mini Games\Mini Games\Dino_main.h(104,89): warning C4244:             T=float
C:\Users\양주성\Desktop\코딩\C++\Mini Games\Mini Games\Dino_main.h(104,89): warning C4244:         ]
  (소스 파일 'Mini_Games.cpp'을(를) 컴파일하는 중)
  
C:\Users\양주성\Desktop\코딩\C++\Mini Games\Mini Games\Dino_main.h(136,37): warning C4244: '+=': 'float'에서 'int'(으)로 변환하면서 데이터가 손실될 수 있습니다.
  (소스 파일 'Mini_Games.cpp'을(를) 컴파일하는 중)
  
C:\Users\양주성\Desktop\코딩\C++\Mini Games\Mini Games\Dino_main.h(146,37): warning C4244: '+=': 'float'에서 'int'(으)로 변환하면서 데이터가 손실될 수 있습니다.
  (소스 파일 'Mini_Games.cpp'을(를) 컴파일하는 중)
  
C:\Users\양주성\Desktop\코딩\C++\Mini Games\Mini Games\Dino_main.h(165,23): warning C4244: '인수': 'time_t'에서 'unsigned int'(으)로 변환하면서 데이터가 손실될 수 있습니다.
  (소스 파일 'Mini_Games.cpp'을(를) 컴파일하는 중)
  
C:\Users\양주성\Desktop\코딩\C++\Mini Games\Mini Games\Dino_main.h(187,21): warning C4244: '인수': 'int'에서 'float'(으)로 변환하면서 데이터가 손실될 수 있습니다.
  (소스 파일 'Mini_Games.cpp'을(를) 컴파일하는 중)
  
C:\Users\양주성\Desktop\코딩\C++\Mini Games\Mini Games\Dino_main.h(188,22): warning C4244: '+=': 'double'에서 'int'(으)로 변환하면서 데이터가 손실될 수 있습니다.
  (소스 파일 'Mini_Games.cpp'을(를) 컴파일하는 중)
  
C:\Users\양주성\Desktop\코딩\C++\Mini Games\Mini Games\Snake_main.h(114,51): warning C4244: '인수': 'int'에서 'float'(으)로 변환하면서 데이터가 손실될 수 있습니다.
  (소스 파일 'Mini_Games.cpp'을(를) 컴파일하는 중)
  
C:\Users\양주성\Desktop\코딩\C++\Mini Games\Mini Games\Snake_main.h(114,32): warning C4244: '인수': 'int'에서 'float'(으)로 변환하면서 데이터가 손실될 수 있습니다.
  (소스 파일 'Mini_Games.cpp'을(를) 컴파일하는 중)
  
C:\Users\양주성\Desktop\코딩\C++\Mini Games\Mini Games\Snake_main.h(151,104): warning C4244: '인수': 'int'에서 'T'(으)로 변환하면서 데이터가 손실될 수 있습니다.
C:\Users\양주성\Desktop\코딩\C++\Mini Games\Mini Games\Snake_main.h(151,104): warning C4244:         with
C:\Users\양주성\Desktop\코딩\C++\Mini Games\Mini Games\Snake_main.h(151,104): warning C4244:         [
C:\Users\양주성\Desktop\코딩\C++\Mini Games\Mini Games\Snake_main.h(151,104): warning C4244:             T=float
C:\Users\양주성\Desktop\코딩\C++\Mini Games\Mini Games\Snake_main.h(151,104): warning C4244:         ]
  (소스 파일 'Mini_Games.cpp'을(를) 컴파일하는 중)
  
C:\Users\양주성\Desktop\코딩\C++\Mini Games\Mini Games\Snake_main.h(151,83): warning C4244: '인수': 'int'에서 'T'(으)로 변환하면서 데이터가 손실될 수 있습니다.
C:\Users\양주성\Desktop\코딩\C++\Mini Games\Mini Games\Snake_main.h(151,83): warning C4244:         with
C:\Users\양주성\Desktop\코딩\C++\Mini Games\Mini Games\Snake_main.h(151,83): warning C4244:         [
C:\Users\양주성\Desktop\코딩\C++\Mini Games\Mini Games\Snake_main.h(151,83): warning C4244:             T=float
C:\Users\양주성\Desktop\코딩\C++\Mini Games\Mini Games\Snake_main.h(151,83): warning C4244:         ]
  (소스 파일 'Mini_Games.cpp'을(를) 컴파일하는 중)
  
C:\Users\양주성\Desktop\코딩\C++\Mini Games\Mini Games\Snake_main.h(181,68): warning C4244: '인수': 'int'에서 'float'(으)로 변환하면서 데이터가 손실될 수 있습니다.
  (소스 파일 'Mini_Games.cpp'을(를) 컴파일하는 중)
  
C:\Users\양주성\Desktop\코딩\C++\Mini Games\Mini Games\Snake_main.h(181,45): warning C4244: '인수': 'int'에서 'float'(으)로 변환하면서 데이터가 손실될 수 있습니다.
  (소스 파일 'Mini_Games.cpp'을(를) 컴파일하는 중)
  
C:\Users\양주성\Desktop\코딩\C++\Mini Games\Mini Games\Mini_Games.cpp(38,38): warning C4244: '인수': 'int'에서 'T'(으)로 변환하면서 데이터가 손실될 수 있습니다.
C:\Users\양주성\Desktop\코딩\C++\Mini Games\Mini Games\Mini_Games.cpp(38,38): warning C4244:         with
C:\Users\양주성\Desktop\코딩\C++\Mini Games\Mini Games\Mini_Games.cpp(38,38): warning C4244:         [
C:\Users\양주성\Desktop\코딩\C++\Mini Games\Mini Games\Mini_Games.cpp(38,38): warning C4244:             T=float
C:\Users\양주성\Desktop\코딩\C++\Mini Games\Mini Games\Mini_Games.cpp(38,38): warning C4244:         ]
C:\Users\양주성\Desktop\코딩\C++\Mini Games\Mini Games\Mini_Games.cpp(38,35): warning C4244: '인수': 'int'에서 'T'(으)로 변환하면서 데이터가 손실될 수 있습니다.
C:\Users\양주성\Desktop\코딩\C++\Mini Games\Mini Games\Mini_Games.cpp(38,35): warning C4244:         with
C:\Users\양주성\Desktop\코딩\C++\Mini Games\Mini Games\Mini_Games.cpp(38,35): warning C4244:         [
C:\Users\양주성\Desktop\코딩\C++\Mini Games\Mini Games\Mini_Games.cpp(38,35): warning C4244:             T=float
C:\Users\양주성\Desktop\코딩\C++\Mini Games\Mini Games\Mini_Games.cpp(38,35): warning C4244:         ]
  LINK : C:\Users\양주성\Desktop\코딩\C++\Mini Games\x64\Debug\Mini Games.exe을(를) 찾을 수 없거나 마지막 증분 링크에 의해 빌드되지 않았습니다. 전체 링크를 수행하고 있습니다.
  Mini Games.vcxproj -> C:\Users\양주성\Desktop\코딩\C++\Mini Games\x64\Debug\Mini Games.exe
